Arguments: 
  /usr/local/bin/node /usr/local/Cellar/yarn/1.5.1/libexec/bin/yarn.js run flow

PATH: 
  /Library/Frameworks/Python.framework/Versions/3.6/bin:/Library/Frameworks/Python.framework/Versions/2.7/bin:/usr/local/bin:/usr/bin:/bin:/usr/sbin:/sbin

Yarn version: 
  1.5.1

Node version: 
  8.9.3

Platform: 
  darwin x64

npm manifest: 
  {
    "name": "Flow",
    "version": "1.0.0",
    "description": "Flow",
    "main": "index.js",
    "author": "Kaiser",
    "license": "MIT",
    "scripts": {
      "flow": "flow check"
    },
    "devDependencies": {
      "flow-bin": "^0.72.0"
    }
  }

yarn manifest: 
  No manifest

Lockfile: 
  # THIS IS AN AUTOGENERATED FILE. DO NOT EDIT THIS FILE DIRECTLY.
  # yarn lockfile v1
  
  
  flow-bin@^0.72.0:
    version "0.72.0"
    resolved "https://registry.yarnpkg.com/flow-bin/-/flow-bin-0.72.0.tgz#12051180fb2db7ccb728fefe67c77e955e92a44d"

Trace: 
  Error: Command failed.
  Exit code: 2
  Command: sh
  Arguments: -c flow check
  Directory: /Users/kaiser/Workspace/practice/Utils/Flow
  Output:
  
      at ProcessTermError.MessageError (/usr/local/Cellar/yarn/1.5.1/libexec/lib/cli.js:186:110)
      at new ProcessTermError (/usr/local/Cellar/yarn/1.5.1/libexec/lib/cli.js:226:113)
      at ChildProcess.<anonymous> (/usr/local/Cellar/yarn/1.5.1/libexec/lib/cli.js:30281:17)
      at emitTwo (events.js:126:13)
      at ChildProcess.emit (events.js:214:7)
      at maybeClose (internal/child_process.js:925:16)
      at Process.ChildProcess._handle.onexit (internal/child_process.js:209:5)
